00:31:41 **** Build of configuration Debug for project Exercise2_Measure_Signal_Period ****
make all 
Building file: ../gpio.c
Invoking: AVR Compiler
avr-gcc -Wall -g2 -gstabs -O0 -fpack-struct -fshort-enums -ffunction-sections -fdata-sections -std=gnu99 -funsigned-char -funsigned-bitfields -mmcu=atmega32 -DF_CPU=1000000UL -MMD -MP -MF"gpio.d" -MT"gpio.o" -c -o "gpio.o" "../gpio.c"
Finished building: ../gpio.c
 
Building file: ../icu.c
Invoking: AVR Compiler
avr-gcc -Wall -g2 -gstabs -O0 -fpack-struct -fshort-enums -ffunction-sections -fdata-sections -std=gnu99 -funsigned-char -funsigned-bitfields -mmcu=atmega32 -DF_CPU=1000000UL -MMD -MP -MF"icu.d" -MT"icu.o" -c -o "icu.o" "../icu.c"
../icu.c: In function 'Icu_setCallBack':
../icu.c:82: warning: function return types not compatible due to 'volatile'
Finished building: ../icu.c
 
Building file: ../lcd.c
Invoking: AVR Compiler
avr-gcc -Wall -g2 -gstabs -O0 -fpack-struct -fshort-enums -ffunction-sections -fdata-sections -std=gnu99 -funsigned-char -funsigned-bitfields -mmcu=atmega32 -DF_CPU=1000000UL -MMD -MP -MF"lcd.d" -MT"lcd.o" -c -o "lcd.o" "../lcd.c"
In file included from ../lcd.c:13:
c:/winavr-20100110/lib/gcc/../../avr/include/util/delay.h:90:3: warning: #warning "Compiler optimizations disabled; functions from <util/delay.h> won't work as designed"
../lcd.c: In function 'LCD_intgerToString':
../lcd.c:209: warning: implicit declaration of function 'itoa'
Finished building: ../lcd.c
 
Building file: ../measure_period.c
Invoking: AVR Compiler
avr-gcc -Wall -g2 -gstabs -O0 -fpack-struct -fshort-enums -ffunction-sections -fdata-sections -std=gnu99 -funsigned-char -funsigned-bitfields -mmcu=atmega32 -DF_CPU=1000000UL -MMD -MP -MF"measure_period.d" -MT"measure_period.o" -c -o "measure_period.o" "../measure_period.c"
Finished building: ../measure_period.c
 
Building target: Exercise2_Measure_Signal_Period.elf
Invoking: AVR C Linker
avr-gcc -Wl,-Map,Exercise2_Measure_Signal_Period.map -mmcu=atmega32 -o "Exercise2_Measure_Signal_Period.elf"  ./gpio.o ./icu.o ./lcd.o ./measure_period.o   
Finished building target: Exercise2_Measure_Signal_Period.elf
 
Invoking: AVR Create Extended Listing
avr-objdump -h -S Exercise2_Measure_Signal_Period.elf  >"Exercise2_Measure_Signal_Period.lss"
Finished building: Exercise2_Measure_Signal_Period.lss
 
Invoking: Print Size
avr-size --format=avr --mcu=atmega32 Exercise2_Measure_Signal_Period.elf
AVR Memory Usage
----------------
Device: atmega32

Program:    8202 bytes (25.0% Full)
(.text + .data + .bootloader)

Data:         35 bytes (1.7% Full)
(.data + .bss + .noinit)


Finished building: sizedummy
 

00:31:42 Build Finished. 0 errors, 3 warnings. (took 656ms)

