14:28:23 **** Incremental Build of configuration Debug for project miniProject4 ****
make all 
Building file: ../ultraSonic.c
Invoking: AVR Compiler
avr-gcc -Wall -g2 -gstabs -O0 -fpack-struct -fshort-enums -ffunction-sections -fdata-sections -std=gnu99 -funsigned-char -funsigned-bitfields -mmcu=atmega32 -DF_CPU=8000000UL -MMD -MP -MF"ultraSonic.d" -MT"ultraSonic.o" -c -o "ultraSonic.o" "../ultraSonic.c"
In file included from ../ultraSonic.c:11:
c:/winavr-20100110/lib/gcc/../../avr/include/util/delay.h:90:3: warning: #warning "Compiler optimizations disabled; functions from <util/delay.h> won't work as designed"
Finished building: ../ultraSonic.c
 
Building target: miniProject4.elf
Invoking: AVR C Linker
avr-gcc -Wl,-Map,miniProject4.map -mmcu=atmega32 -o "miniProject4.elf"  ./gpio.o ./icu.o ./lcd.o ./main.o ./ultraSonic.o   
Finished building target: miniProject4.elf
 
Invoking: AVR Create Extended Listing
avr-objdump -h -S miniProject4.elf  >"miniProject4.lss"
Finished building: miniProject4.lss
 
Invoking: Print Size
avr-size --format=avr --mcu=atmega32 miniProject4.elf
AVR Memory Usage
----------------
Device: atmega32

Program:   10210 bytes (31.2% Full)
(.text + .data + .bootloader)

Data:        279 bytes (13.6% Full)
(.data + .bss + .noinit)


Finished building: sizedummy
 

14:28:24 Build Finished. 0 errors, 1 warnings. (took 501ms)

