14:20:01 **** Build of configuration Debug for project Ultrasonic_sensor ****
make all 
Building file: ../Main.c
Invoking: AVR Compiler
avr-gcc -Wall -g2 -gstabs -O0 -fpack-struct -fshort-enums -ffunction-sections -fdata-sections -std=gnu99 -funsigned-char -funsigned-bitfields -mmcu=atmega32 -DF_CPU=8000000UL -MMD -MP -MF"Main.d" -MT"Main.o" -c -o "Main.o" "../Main.c"
Finished building: ../Main.c
 
Building file: ../Ultrasonic.c
Invoking: AVR Compiler
avr-gcc -Wall -g2 -gstabs -O0 -fpack-struct -fshort-enums -ffunction-sections -fdata-sections -std=gnu99 -funsigned-char -funsigned-bitfields -mmcu=atmega32 -DF_CPU=8000000UL -MMD -MP -MF"Ultrasonic.d" -MT"Ultrasonic.o" -c -o "Ultrasonic.o" "../Ultrasonic.c"
In file included from ../Ultrasonic.c:17:
c:/winavr-20100110/lib/gcc/../../avr/include/util/delay.h:90:3: warning: #warning "Compiler optimizations disabled; functions from <util/delay.h> won't work as designed"
Finished building: ../Ultrasonic.c
 
Building file: ../gpio.c
Invoking: AVR Compiler
avr-gcc -Wall -g2 -gstabs -O0 -fpack-struct -fshort-enums -ffunction-sections -fdata-sections -std=gnu99 -funsigned-char -funsigned-bitfields -mmcu=atmega32 -DF_CPU=8000000UL -MMD -MP -MF"gpio.d" -MT"gpio.o" -c -o "gpio.o" "../gpio.c"
Finished building: ../gpio.c
 
Building file: ../icu.c
Invoking: AVR Compiler
avr-gcc -Wall -g2 -gstabs -O0 -fpack-struct -fshort-enums -ffunction-sections -fdata-sections -std=gnu99 -funsigned-char -funsigned-bitfields -mmcu=atmega32 -DF_CPU=8000000UL -MMD -MP -MF"icu.d" -MT"icu.o" -c -o "icu.o" "../icu.c"
../icu.c: In function 'Icu_setCallBack':
../icu.c:82: warning: function return types not compatible due to 'volatile'
Finished building: ../icu.c
 
Building file: ../lcd.c
Invoking: AVR Compiler
avr-gcc -Wall -g2 -gstabs -O0 -fpack-struct -fshort-enums -ffunction-sections -fdata-sections -std=gnu99 -funsigned-char -funsigned-bitfields -mmcu=atmega32 -DF_CPU=8000000UL -MMD -MP -MF"lcd.d" -MT"lcd.o" -c -o "lcd.o" "../lcd.c"
In file included from ../lcd.c:13:
c:/winavr-20100110/lib/gcc/../../avr/include/util/delay.h:90:3: warning: #warning "Compiler optimizations disabled; functions from <util/delay.h> won't work as designed"
../lcd.c: In function 'LCD_intgerToString':
../lcd.c:212: warning: implicit declaration of function 'itoa'
Finished building: ../lcd.c
 
Building target: Ultrasonic_sensor.elf
Invoking: AVR C Linker
avr-gcc -Wl,-Map,Ultrasonic_sensor.map -mmcu=atmega32 -o "Ultrasonic_sensor.elf"  ./Main.o ./Ultrasonic.o ./gpio.o ./icu.o ./lcd.o   
Finished building target: Ultrasonic_sensor.elf
 
Invoking: AVR Create Extended Listing
avr-objdump -h -S Ultrasonic_sensor.elf  >"Ultrasonic_sensor.lss"
Finished building: Ultrasonic_sensor.lss
 
Invoking: Print Size
avr-size --format=avr --mcu=atmega32 Ultrasonic_sensor.elf
AVR Memory Usage
----------------
Device: atmega32

Program:    9692 bytes (29.6% Full)
(.text + .data + .bootloader)

Data:        287 bytes (14.0% Full)
(.data + .bss + .noinit)


Finished building: sizedummy
 

14:20:02 Build Finished. 0 errors, 4 warnings. (took 914ms)

